[0.054s] Invoking command in '/home/erlang/shared_dir/grpc/grpc_bridge_gui/build/grpc_bridge_gui': CMAKE_PREFIX_PATH=${CMAKE_PREFIX_PATH}:/opt/ros/humble /usr/bin/cmake --build /home/erlang/shared_dir/grpc/grpc_bridge_gui/build/grpc_bridge_gui -- -j20 -l20
[0.130s] [ 50%] [32mBuilding CXX object CMakeFiles/grpc_bridge_gui.dir/src/grpc_bridge_gui.cpp.o[0m
[3.729s] [01m[K/home/erlang/shared_dir/grpc/grpc_bridge_gui/src/grpc_bridge_gui.cpp:[m[K In member function ‘[01m[Kvirtual grpc::Status ObuServiceImpl::answerMethod(grpc::ServerContext*, const grpc::obu::msg::ObuAnswerRequest*, grpc::obu::msg::ObuAnswerResponse*)[m[K’:
[3.729s] [01m[K/home/erlang/shared_dir/grpc/grpc_bridge_gui/src/grpc_bridge_gui.cpp:67:46:[m[K [01;35m[Kwarning: [m[Kunused parameter ‘[01m[Kcontext[m[K’ [[01;35m[K-Wunused-parameter[m[K]
[3.729s]    67 |     Status answerMethod([01;35m[Kgrpc::ServerContext* context[m[K, const grpc::obu::msg::ObuAnswerRequest* request,
[3.729s]       |                         [01;35m[K~~~~~~~~~~~~~~~~~~~~~^~~~~~~[m[K
[3.736s] [01m[K/home/erlang/shared_dir/grpc/grpc_bridge_gui/src/grpc_bridge_gui.cpp:[m[K In function ‘[01m[Kint main(int, char**)[m[K’:
[3.736s] [01m[K/home/erlang/shared_dir/grpc/grpc_bridge_gui/src/grpc_bridge_gui.cpp:210:14:[m[K [01;35m[Kwarning: [m[Kunused parameter ‘[01m[Kargc[m[K’ [[01;35m[K-Wunused-parameter[m[K]
[3.737s]   210 | int main([01;35m[Kint argc[m[K, char* argv[])
[3.737s]       |          [01;35m[K~~~~^~~~[m[K
[3.737s] [01m[K/home/erlang/shared_dir/grpc/grpc_bridge_gui/src/grpc_bridge_gui.cpp:210:26:[m[K [01;35m[Kwarning: [m[Kunused parameter ‘[01m[Kargv[m[K’ [[01;35m[K-Wunused-parameter[m[K]
[3.737s]   210 | int main(int argc, [01;35m[Kchar* argv[][m[K)
[3.737s]       |                    [01;35m[K~~~~~~^~~~~~[m[K
[12.922s] [100%] [32m[1mLinking CXX executable grpc_bridge_gui[0m
[21.406s] [100%] Built target grpc_bridge_gui
[21.418s] Invoked command in '/home/erlang/shared_dir/grpc/grpc_bridge_gui/build/grpc_bridge_gui' returned '0': CMAKE_PREFIX_PATH=${CMAKE_PREFIX_PATH}:/opt/ros/humble /usr/bin/cmake --build /home/erlang/shared_dir/grpc/grpc_bridge_gui/build/grpc_bridge_gui -- -j20 -l20
[21.453s] Invoking command in '/home/erlang/shared_dir/grpc/grpc_bridge_gui/build/grpc_bridge_gui': CMAKE_PREFIX_PATH=${CMAKE_PREFIX_PATH}:/opt/ros/humble /usr/bin/cmake --install /home/erlang/shared_dir/grpc/grpc_bridge_gui/build/grpc_bridge_gui
[21.460s] -- Install configuration: ""
[21.460s] -- Installing: /home/erlang/shared_dir/grpc/grpc_bridge_gui/install/grpc_bridge_gui/lib/grpc_bridge_gui/grpc_bridge_gui
[21.509s] -- Set runtime path of "/home/erlang/shared_dir/grpc/grpc_bridge_gui/install/grpc_bridge_gui/lib/grpc_bridge_gui/grpc_bridge_gui" to ""
[21.509s] -- Up-to-date: /home/erlang/shared_dir/grpc/grpc_bridge_gui/install/grpc_bridge_gui/share/ament_index/resource_index/package_run_dependencies/grpc_bridge_gui
[21.509s] -- Up-to-date: /home/erlang/shared_dir/grpc/grpc_bridge_gui/install/grpc_bridge_gui/share/ament_index/resource_index/parent_prefix_path/grpc_bridge_gui
[21.509s] -- Up-to-date: /home/erlang/shared_dir/grpc/grpc_bridge_gui/install/grpc_bridge_gui/share/grpc_bridge_gui/environment/ament_prefix_path.sh
[21.509s] -- Up-to-date: /home/erlang/shared_dir/grpc/grpc_bridge_gui/install/grpc_bridge_gui/share/grpc_bridge_gui/environment/ament_prefix_path.dsv
[21.509s] -- Up-to-date: /home/erlang/shared_dir/grpc/grpc_bridge_gui/install/grpc_bridge_gui/share/grpc_bridge_gui/environment/path.sh
[21.509s] -- Up-to-date: /home/erlang/shared_dir/grpc/grpc_bridge_gui/install/grpc_bridge_gui/share/grpc_bridge_gui/environment/path.dsv
[21.509s] -- Up-to-date: /home/erlang/shared_dir/grpc/grpc_bridge_gui/install/grpc_bridge_gui/share/grpc_bridge_gui/local_setup.bash
[21.509s] -- Up-to-date: /home/erlang/shared_dir/grpc/grpc_bridge_gui/install/grpc_bridge_gui/share/grpc_bridge_gui/local_setup.sh
[21.509s] -- Up-to-date: /home/erlang/shared_dir/grpc/grpc_bridge_gui/install/grpc_bridge_gui/share/grpc_bridge_gui/local_setup.zsh
[21.509s] -- Up-to-date: /home/erlang/shared_dir/grpc/grpc_bridge_gui/install/grpc_bridge_gui/share/grpc_bridge_gui/local_setup.dsv
[21.509s] -- Installing: /home/erlang/shared_dir/grpc/grpc_bridge_gui/install/grpc_bridge_gui/share/grpc_bridge_gui/package.dsv
[21.509s] -- Up-to-date: /home/erlang/shared_dir/grpc/grpc_bridge_gui/install/grpc_bridge_gui/share/ament_index/resource_index/packages/grpc_bridge_gui
[21.509s] -- Up-to-date: /home/erlang/shared_dir/grpc/grpc_bridge_gui/install/grpc_bridge_gui/share/grpc_bridge_gui/cmake/grpc_bridge_guiConfig.cmake
[21.509s] -- Up-to-date: /home/erlang/shared_dir/grpc/grpc_bridge_gui/install/grpc_bridge_gui/share/grpc_bridge_gui/cmake/grpc_bridge_guiConfig-version.cmake
[21.509s] -- Up-to-date: /home/erlang/shared_dir/grpc/grpc_bridge_gui/install/grpc_bridge_gui/share/grpc_bridge_gui/package.xml
[21.511s] Invoked command in '/home/erlang/shared_dir/grpc/grpc_bridge_gui/build/grpc_bridge_gui' returned '0': CMAKE_PREFIX_PATH=${CMAKE_PREFIX_PATH}:/opt/ros/humble /usr/bin/cmake --install /home/erlang/shared_dir/grpc/grpc_bridge_gui/build/grpc_bridge_gui
