-- The C compiler identification is GNU 11.4.0
-- The CXX compiler identification is GNU 11.4.0
-- Detecting C compiler ABI info
-- Detecting C compiler ABI info - done
-- Check for working C compiler: /usr/bin/cc - skipped
-- Detecting C compile features
-- Detecting C compile features - done
-- Detecting CXX compiler ABI info
-- Detecting CXX compiler ABI info - done
-- Check for working CXX compiler: /usr/bin/c++ - skipped
-- Detecting CXX compile features
-- Detecting CXX compile features - done
-- Found ament_cmake: 1.3.5 (/opt/ros/humble/share/ament_cmake/cmake)
-- Found Python3: /usr/bin/python3.10 (found version "3.10.12") found components: Interpreter 
-- Found rclcpp: 16.0.6 (/opt/ros/humble/share/rclcpp/cmake)
-- Found rosidl_generator_c: 3.1.5 (/opt/ros/humble/share/rosidl_generator_c/cmake)
-- Found rosidl_adapter: 3.1.5 (/opt/ros/humble/share/rosidl_adapter/cmake)
-- Found rosidl_generator_cpp: 3.1.5 (/opt/ros/humble/share/rosidl_generator_cpp/cmake)
-- Using all available rosidl_typesupport_c: rosidl_typesupport_fastrtps_c;rosidl_typesupport_introspection_c
-- Using all available rosidl_typesupport_cpp: rosidl_typesupport_fastrtps_cpp;rosidl_typesupport_introspection_cpp
-- Found rmw_implementation_cmake: 6.1.1 (/opt/ros/humble/share/rmw_implementation_cmake/cmake)
-- Found rmw_cyclonedds_cpp: 1.3.4 (/opt/ros/humble/share/rmw_cyclonedds_cpp/cmake)
-- Using RMW implementation 'rmw_cyclonedds_cpp' as default
-- Looking for pthread.h
-- Looking for pthread.h - found
-- Performing Test CMAKE_HAVE_LIBC_PTHREAD
-- Performing Test CMAKE_HAVE_LIBC_PTHREAD - Success
-- Found Threads: TRUE  
-- Found geometry_msgs: 4.2.3 (/opt/ros/humble/share/geometry_msgs/cmake)
-- Found Protobuf: /usr/lib/libprotobuf.a (found version "4.25.1") 
-- Found PkgConfig: /usr/bin/pkg-config (found version "0.29.2") 
-- Found sensor_msgs: 4.2.3 (/opt/ros/humble/share/sensor_msgs/cmake)
-- Found gps_msgs: 2.0.4 (/opt/ros/humble/share/gps_msgs/cmake)
-- Checking for module 'protobuf>=3.0'
--   Found protobuf, version 25.1.0
-- Found ament_lint_auto: 0.12.8 (/opt/ros/humble/share/ament_lint_auto/cmake)
-- Added test 'cppcheck' to perform static code analysis on C / C++ code
-- Configured cppcheck include dirs: /home/erlang/shared_dir/grpc/grpc_bridge_gui/build/grpc_bridge_gui;$<BUILD_INTERFACE:/home/erlang/shared_dir/grpc/grpc_bridge_gui/include>
-- Configured cppcheck exclude dirs and/or files: 
-- Added test 'flake8' to check Python code syntax and style conventions
-- Added test 'lint_cmake' to check CMake code style
-- Added test 'pep257' to check Python code against some of the docstring style conventions in PEP 257
-- Added test 'uncrustify' to check C / C++ code style
-- Configured uncrustify additional arguments: 
-- Added test 'xmllint' to check XML markup files
-- Configuring done
-- Generating done
-- Build files have been written to: /home/erlang/shared_dir/grpc/grpc_bridge_gui/build/grpc_bridge_gui
[ 50%] [32mBuilding CXX object CMakeFiles/grpc_bridge_gui.dir/src/grpc_bridge_gui.cpp.o[0m
[100%] [32m[1mLinking CXX executable grpc_bridge_gui[0m
[100%] Built target grpc_bridge_gui
-- Install configuration: ""
-- Installing: /home/erlang/shared_dir/grpc/grpc_bridge_gui/install/grpc_bridge_gui/lib/grpc_bridge_gui/grpc_bridge_gui
-- Set runtime path of "/home/erlang/shared_dir/grpc/grpc_bridge_gui/install/grpc_bridge_gui/lib/grpc_bridge_gui/grpc_bridge_gui" to ""
-- Installing: /home/erlang/shared_dir/grpc/grpc_bridge_gui/install/grpc_bridge_gui/share/ament_index/resource_index/package_run_dependencies/grpc_bridge_gui
-- Installing: /home/erlang/shared_dir/grpc/grpc_bridge_gui/install/grpc_bridge_gui/share/ament_index/resource_index/parent_prefix_path/grpc_bridge_gui
-- Installing: /home/erlang/shared_dir/grpc/grpc_bridge_gui/install/grpc_bridge_gui/share/grpc_bridge_gui/environment/ament_prefix_path.sh
-- Installing: /home/erlang/shared_dir/grpc/grpc_bridge_gui/install/grpc_bridge_gui/share/grpc_bridge_gui/environment/ament_prefix_path.dsv
-- Installing: /home/erlang/shared_dir/grpc/grpc_bridge_gui/install/grpc_bridge_gui/share/grpc_bridge_gui/environment/path.sh
-- Installing: /home/erlang/shared_dir/grpc/grpc_bridge_gui/install/grpc_bridge_gui/share/grpc_bridge_gui/environment/path.dsv
-- Installing: /home/erlang/shared_dir/grpc/grpc_bridge_gui/install/grpc_bridge_gui/share/grpc_bridge_gui/local_setup.bash
-- Installing: /home/erlang/shared_dir/grpc/grpc_bridge_gui/install/grpc_bridge_gui/share/grpc_bridge_gui/local_setup.sh
-- Installing: /home/erlang/shared_dir/grpc/grpc_bridge_gui/install/grpc_bridge_gui/share/grpc_bridge_gui/local_setup.zsh
-- Installing: /home/erlang/shared_dir/grpc/grpc_bridge_gui/install/grpc_bridge_gui/share/grpc_bridge_gui/local_setup.dsv
-- Installing: /home/erlang/shared_dir/grpc/grpc_bridge_gui/install/grpc_bridge_gui/share/grpc_bridge_gui/package.dsv
-- Installing: /home/erlang/shared_dir/grpc/grpc_bridge_gui/install/grpc_bridge_gui/share/ament_index/resource_index/packages/grpc_bridge_gui
-- Installing: /home/erlang/shared_dir/grpc/grpc_bridge_gui/install/grpc_bridge_gui/share/grpc_bridge_gui/cmake/grpc_bridge_guiConfig.cmake
-- Installing: /home/erlang/shared_dir/grpc/grpc_bridge_gui/install/grpc_bridge_gui/share/grpc_bridge_gui/cmake/grpc_bridge_guiConfig-version.cmake
-- Installing: /home/erlang/shared_dir/grpc/grpc_bridge_gui/install/grpc_bridge_gui/share/grpc_bridge_gui/package.xml
