[0.031s] Invoking command in '/home/erlang/shared_dir/grpc/grpc_bridge_gui/build/grpc_bridge_gui': CMAKE_PREFIX_PATH=/opt/ros/humble /usr/bin/cmake /home/erlang/shared_dir/grpc/grpc_bridge_gui -DCMAKE_INSTALL_PREFIX=/home/erlang/shared_dir/grpc/grpc_bridge_gui/install/grpc_bridge_gui
[0.130s] -- The C compiler identification is GNU 11.4.0
[0.211s] -- The CXX compiler identification is GNU 11.4.0
[0.218s] -- Detecting C compiler ABI info
[0.286s] -- Detecting C compiler ABI info - done
[0.292s] -- Check for working C compiler: /usr/bin/cc - skipped
[0.292s] -- Detecting C compile features
[0.293s] -- Detecting C compile features - done
[0.297s] -- Detecting CXX compiler ABI info
[0.371s] -- Detecting CXX compiler ABI info - done
[0.376s] -- Check for working CXX compiler: /usr/bin/c++ - skipped
[0.376s] -- Detecting CXX compile features
[0.376s] -- Detecting CXX compile features - done
[0.378s] -- Found ament_cmake: 1.3.5 (/opt/ros/humble/share/ament_cmake/cmake)
[0.489s] -- Found Python3: /usr/bin/python3.10 (found version "3.10.12") found components: Interpreter 
[0.555s] -- Found rclcpp: 16.0.6 (/opt/ros/humble/share/rclcpp/cmake)
[0.591s] -- Found rosidl_generator_c: 3.1.5 (/opt/ros/humble/share/rosidl_generator_c/cmake)
[0.595s] -- Found rosidl_adapter: 3.1.5 (/opt/ros/humble/share/rosidl_adapter/cmake)
[0.603s] -- Found rosidl_generator_cpp: 3.1.5 (/opt/ros/humble/share/rosidl_generator_cpp/cmake)
[0.614s] -- Using all available rosidl_typesupport_c: rosidl_typesupport_fastrtps_c;rosidl_typesupport_introspection_c
[0.630s] -- Using all available rosidl_typesupport_cpp: rosidl_typesupport_fastrtps_cpp;rosidl_typesupport_introspection_cpp
[0.684s] -- Found rmw_implementation_cmake: 6.1.1 (/opt/ros/humble/share/rmw_implementation_cmake/cmake)
[0.687s] -- Found rmw_cyclonedds_cpp: 1.3.4 (/opt/ros/humble/share/rmw_cyclonedds_cpp/cmake)
[0.713s] -- Using RMW implementation 'rmw_cyclonedds_cpp' as default
[0.722s] -- Looking for pthread.h
[0.771s] -- Looking for pthread.h - found
[0.771s] -- Performing Test CMAKE_HAVE_LIBC_PTHREAD
[0.829s] -- Performing Test CMAKE_HAVE_LIBC_PTHREAD - Success
[0.830s] -- Found Threads: TRUE  
[0.944s] -- Found geometry_msgs: 4.2.3 (/opt/ros/humble/share/geometry_msgs/cmake)
[0.994s] [33mCMake Warning at /usr/share/cmake-3.22/Modules/FindProtobuf.cmake:524 (message):
[0.994s]   Protobuf compiler version 25.1 doesn't match library version 4.25.1
[0.994s] Call Stack (most recent call first):
[0.994s]   CMakeLists.txt:13 (find_package)
[0.994s] 
[0.994s] [0m
[0.995s] -- Found Protobuf: /usr/lib/libprotobuf.a (found version "4.25.1") 
[1.011s] -- Found PkgConfig: /usr/bin/pkg-config (found version "0.29.2") 
[1.012s] -- Found sensor_msgs: 4.2.3 (/opt/ros/humble/share/sensor_msgs/cmake)
[1.073s] -- Found gps_msgs: 2.0.4 (/opt/ros/humble/share/gps_msgs/cmake)
[1.104s] -- Checking for module 'protobuf>=3.0'
[1.138s] --   Found protobuf, version 25.1.0
[1.260s] -- Found ament_lint_auto: 0.12.8 (/opt/ros/humble/share/ament_lint_auto/cmake)
[1.324s] -- Added test 'cppcheck' to perform static code analysis on C / C++ code
[1.324s] -- Configured cppcheck include dirs: /home/erlang/shared_dir/grpc/grpc_bridge_gui/build/grpc_bridge_gui;$<BUILD_INTERFACE:/home/erlang/shared_dir/grpc/grpc_bridge_gui/include>
[1.324s] -- Configured cppcheck exclude dirs and/or files: 
[1.325s] -- Added test 'flake8' to check Python code syntax and style conventions
[1.326s] -- Added test 'lint_cmake' to check CMake code style
[1.326s] -- Added test 'pep257' to check Python code against some of the docstring style conventions in PEP 257
[1.329s] -- Added test 'uncrustify' to check C / C++ code style
[1.329s] -- Configured uncrustify additional arguments: 
[1.330s] -- Added test 'xmllint' to check XML markup files
[1.330s] -- Configuring done
[1.341s] -- Generating done
[1.342s] -- Build files have been written to: /home/erlang/shared_dir/grpc/grpc_bridge_gui/build/grpc_bridge_gui
[1.347s] Invoked command in '/home/erlang/shared_dir/grpc/grpc_bridge_gui/build/grpc_bridge_gui' returned '0': CMAKE_PREFIX_PATH=/opt/ros/humble /usr/bin/cmake /home/erlang/shared_dir/grpc/grpc_bridge_gui -DCMAKE_INSTALL_PREFIX=/home/erlang/shared_dir/grpc/grpc_bridge_gui/install/grpc_bridge_gui
[1.348s] Invoking command in '/home/erlang/shared_dir/grpc/grpc_bridge_gui/build/grpc_bridge_gui': CMAKE_PREFIX_PATH=/opt/ros/humble /usr/bin/cmake --build /home/erlang/shared_dir/grpc/grpc_bridge_gui/build/grpc_bridge_gui -- -j20 -l20
[1.375s] [ 50%] [32mBuilding CXX object CMakeFiles/grpc_bridge_gui.dir/src/grpc_bridge_gui.cpp.o[0m
[4.183s] [01m[K/home/erlang/shared_dir/grpc/grpc_bridge_gui/src/grpc_bridge_gui.cpp:[m[K In member function ‘[01m[Kvirtual grpc::Status ObuServiceImpl::answerMethod(grpc::ServerContext*, const grpc::obu::msg::ObuAnswerRequest*, grpc::obu::msg::ObuAnswerResponse*)[m[K’:
[4.183s] [01m[K/home/erlang/shared_dir/grpc/grpc_bridge_gui/src/grpc_bridge_gui.cpp:67:46:[m[K [01;35m[Kwarning: [m[Kunused parameter ‘[01m[Kcontext[m[K’ [[01;35m[K-Wunused-parameter[m[K]
[4.183s]    67 |     Status answerMethod([01;35m[Kgrpc::ServerContext* context[m[K, const grpc::obu::msg::ObuAnswerRequest* request,
[4.183s]       |                         [01;35m[K~~~~~~~~~~~~~~~~~~~~~^~~~~~~[m[K
[4.188s] [01m[K/home/erlang/shared_dir/grpc/grpc_bridge_gui/src/grpc_bridge_gui.cpp:[m[K In function ‘[01m[Kint main(int, char**)[m[K’:
[4.188s] [01m[K/home/erlang/shared_dir/grpc/grpc_bridge_gui/src/grpc_bridge_gui.cpp:210:14:[m[K [01;35m[Kwarning: [m[Kunused parameter ‘[01m[Kargc[m[K’ [[01;35m[K-Wunused-parameter[m[K]
[4.188s]   210 | int main([01;35m[Kint argc[m[K, char* argv[])
[4.188s]       |          [01;35m[K~~~~^~~~[m[K
[4.188s] [01m[K/home/erlang/shared_dir/grpc/grpc_bridge_gui/src/grpc_bridge_gui.cpp:210:26:[m[K [01;35m[Kwarning: [m[Kunused parameter ‘[01m[Kargv[m[K’ [[01;35m[K-Wunused-parameter[m[K]
[4.188s]   210 | int main(int argc, [01;35m[Kchar* argv[][m[K)
[4.188s]       |                    [01;35m[K~~~~~~^~~~~~[m[K
[12.077s] [100%] [32m[1mLinking CXX executable grpc_bridge_gui[0m
[19.454s] [100%] Built target grpc_bridge_gui
[19.459s] Invoked command in '/home/erlang/shared_dir/grpc/grpc_bridge_gui/build/grpc_bridge_gui' returned '0': CMAKE_PREFIX_PATH=/opt/ros/humble /usr/bin/cmake --build /home/erlang/shared_dir/grpc/grpc_bridge_gui/build/grpc_bridge_gui -- -j20 -l20
[19.486s] Invoking command in '/home/erlang/shared_dir/grpc/grpc_bridge_gui/build/grpc_bridge_gui': CMAKE_PREFIX_PATH=/opt/ros/humble /usr/bin/cmake --install /home/erlang/shared_dir/grpc/grpc_bridge_gui/build/grpc_bridge_gui
[19.495s] -- Install configuration: ""
[19.495s] -- Installing: /home/erlang/shared_dir/grpc/grpc_bridge_gui/install/grpc_bridge_gui/lib/grpc_bridge_gui/grpc_bridge_gui
[19.528s] -- Set runtime path of "/home/erlang/shared_dir/grpc/grpc_bridge_gui/install/grpc_bridge_gui/lib/grpc_bridge_gui/grpc_bridge_gui" to ""
[19.528s] -- Installing: /home/erlang/shared_dir/grpc/grpc_bridge_gui/install/grpc_bridge_gui/share/ament_index/resource_index/package_run_dependencies/grpc_bridge_gui
[19.528s] -- Installing: /home/erlang/shared_dir/grpc/grpc_bridge_gui/install/grpc_bridge_gui/share/ament_index/resource_index/parent_prefix_path/grpc_bridge_gui
[19.528s] -- Installing: /home/erlang/shared_dir/grpc/grpc_bridge_gui/install/grpc_bridge_gui/share/grpc_bridge_gui/environment/ament_prefix_path.sh
[19.528s] -- Installing: /home/erlang/shared_dir/grpc/grpc_bridge_gui/install/grpc_bridge_gui/share/grpc_bridge_gui/environment/ament_prefix_path.dsv
[19.528s] -- Installing: /home/erlang/shared_dir/grpc/grpc_bridge_gui/install/grpc_bridge_gui/share/grpc_bridge_gui/environment/path.sh
[19.528s] -- Installing: /home/erlang/shared_dir/grpc/grpc_bridge_gui/install/grpc_bridge_gui/share/grpc_bridge_gui/environment/path.dsv
[19.528s] -- Installing: /home/erlang/shared_dir/grpc/grpc_bridge_gui/install/grpc_bridge_gui/share/grpc_bridge_gui/local_setup.bash
[19.528s] -- Installing: /home/erlang/shared_dir/grpc/grpc_bridge_gui/install/grpc_bridge_gui/share/grpc_bridge_gui/local_setup.sh
[19.528s] -- Installing: /home/erlang/shared_dir/grpc/grpc_bridge_gui/install/grpc_bridge_gui/share/grpc_bridge_gui/local_setup.zsh
[19.528s] -- Installing: /home/erlang/shared_dir/grpc/grpc_bridge_gui/install/grpc_bridge_gui/share/grpc_bridge_gui/local_setup.dsv
[19.528s] -- Installing: /home/erlang/shared_dir/grpc/grpc_bridge_gui/install/grpc_bridge_gui/share/grpc_bridge_gui/package.dsv
[19.529s] -- Installing: /home/erlang/shared_dir/grpc/grpc_bridge_gui/install/grpc_bridge_gui/share/ament_index/resource_index/packages/grpc_bridge_gui
[19.529s] -- Installing: /home/erlang/shared_dir/grpc/grpc_bridge_gui/install/grpc_bridge_gui/share/grpc_bridge_gui/cmake/grpc_bridge_guiConfig.cmake
[19.529s] -- Installing: /home/erlang/shared_dir/grpc/grpc_bridge_gui/install/grpc_bridge_gui/share/grpc_bridge_gui/cmake/grpc_bridge_guiConfig-version.cmake
[19.529s] -- Installing: /home/erlang/shared_dir/grpc/grpc_bridge_gui/install/grpc_bridge_gui/share/grpc_bridge_gui/package.xml
[19.530s] Invoked command in '/home/erlang/shared_dir/grpc/grpc_bridge_gui/build/grpc_bridge_gui' returned '0': CMAKE_PREFIX_PATH=/opt/ros/humble /usr/bin/cmake --install /home/erlang/shared_dir/grpc/grpc_bridge_gui/build/grpc_bridge_gui
