[0.824s] DEBUG:colcon:Command line arguments: ['/usr/bin/colcon', 'build']
[0.825s] DEBUG:colcon:Parsed command line arguments: Namespace(log_base=None, log_level=None, verb_name='build', build_base='build', install_base='install', merge_install=False, symlink_install=False, test_result_base=None, continue_on_error=False, executor='parallel', parallel_workers=20, event_handlers=None, ignore_user_meta=False, metas=['./colcon.meta'], base_paths=['.'], packages_ignore=None, packages_ignore_regex=None, paths=None, packages_up_to=None, packages_up_to_regex=None, packages_above=None, packages_above_and_dependencies=None, packages_above_depth=None, packages_select_by_dep=None, packages_skip_by_dep=None, packages_skip_up_to=None, packages_select_build_failed=False, packages_skip_build_finished=False, packages_select_test_failures=False, packages_skip_test_passed=False, packages_select=None, packages_skip=None, packages_select_regex=None, packages_skip_regex=None, packages_start=None, packages_end=None, allow_overriding=[], cmake_args=None, cmake_target=None, cmake_target_skip_unavailable=False, cmake_clean_cache=False, cmake_clean_first=False, cmake_force_configure=False, ament_cmake_args=None, catkin_cmake_args=None, catkin_skip_building_tests=False, mixin_files=None, mixin=None, verb_parser=<colcon_mixin.mixin.mixin_argument.MixinArgumentDecorator object at 0x758188f8eaa0>, verb_extension=<colcon_core.verb.build.BuildVerb object at 0x758188f8d780>, main=<bound method BuildVerb.main of <colcon_core.verb.build.BuildVerb object at 0x758188f8d780>>, mixin_verb=('build',))
[0.859s] Level 1:colcon.colcon_core.package_discovery:discover_packages(colcon_meta) check parameters
[0.859s] Level 1:colcon.colcon_core.package_discovery:discover_packages(recursive) check parameters
[0.859s] Level 1:colcon.colcon_core.package_discovery:discover_packages(ignore) check parameters
[0.859s] Level 1:colcon.colcon_core.package_discovery:discover_packages(path) check parameters
[0.859s] Level 1:colcon.colcon_core.package_discovery:discover_packages(colcon_meta) discover
[0.859s] Level 1:colcon.colcon_core.package_discovery:discover_packages(recursive) discover
[0.859s] INFO:colcon.colcon_core.package_discovery:Crawling recursively for packages in '/home/erlang/shared_dir/grpc/grpc_bridge_gui'
[0.859s] Level 1:colcon.colcon_core.package_identification:_identify(.) by extensions ['ignore', 'ignore_ament_install']
[0.859s] Level 1:colcon.colcon_core.package_identification:_identify(.) by extension 'ignore'
[0.859s] Level 1:colcon.colcon_core.package_identification:_identify(.) by extension 'ignore_ament_install'
[0.859s] Level 1:colcon.colcon_core.package_identification:_identify(.) by extensions ['colcon_pkg']
[0.859s] Level 1:colcon.colcon_core.package_identification:_identify(.) by extension 'colcon_pkg'
[0.859s] Level 1:colcon.colcon_core.package_identification:_identify(.) by extensions ['colcon_meta']
[0.859s] Level 1:colcon.colcon_core.package_identification:_identify(.) by extension 'colcon_meta'
[0.859s] Level 1:colcon.colcon_core.package_identification:_identify(.) by extensions ['ros']
[0.860s] Level 1:colcon.colcon_core.package_identification:_identify(.) by extension 'ros'
[0.878s] DEBUG:colcon.colcon_core.package_identification:Package '.' with type 'ros.ament_cmake' and name 'grpc_bridge_gui'
[0.878s] Level 1:colcon.colcon_core.package_discovery:discover_packages(recursive) using defaults
[0.878s] Level 1:colcon.colcon_core.package_discovery:discover_packages(ignore) discover
[0.878s] Level 1:colcon.colcon_core.package_discovery:discover_packages(ignore) using defaults
[0.878s] Level 1:colcon.colcon_core.package_discovery:discover_packages(path) discover
[0.878s] Level 1:colcon.colcon_core.package_discovery:discover_packages(path) using defaults
[0.943s] Level 1:colcon.colcon_core.package_discovery:discover_packages(prefix_path) check parameters
[0.943s] Level 1:colcon.colcon_core.package_discovery:discover_packages(prefix_path) discover
[0.962s] DEBUG:colcon.colcon_installed_package_information.package_discovery:Found 1 installed packages in /home/erlang/shared_dir/grpc/grpc_bridge_gui/install
[0.972s] DEBUG:colcon.colcon_installed_package_information.package_discovery:Found 344 installed packages in /opt/ros/humble
[0.973s] Level 1:colcon.colcon_core.package_discovery:discover_packages(prefix_path) using defaults
[1.041s] Level 5:colcon.colcon_core.verb:set package 'grpc_bridge_gui' build argument 'cmake_args' from command line to 'None'
[1.042s] Level 5:colcon.colcon_core.verb:set package 'grpc_bridge_gui' build argument 'cmake_target' from command line to 'None'
[1.042s] Level 5:colcon.colcon_core.verb:set package 'grpc_bridge_gui' build argument 'cmake_target_skip_unavailable' from command line to 'False'
[1.042s] Level 5:colcon.colcon_core.verb:set package 'grpc_bridge_gui' build argument 'cmake_clean_cache' from command line to 'False'
[1.042s] Level 5:colcon.colcon_core.verb:set package 'grpc_bridge_gui' build argument 'cmake_clean_first' from command line to 'False'
[1.042s] Level 5:colcon.colcon_core.verb:set package 'grpc_bridge_gui' build argument 'cmake_force_configure' from command line to 'False'
[1.042s] Level 5:colcon.colcon_core.verb:set package 'grpc_bridge_gui' build argument 'ament_cmake_args' from command line to 'None'
[1.042s] Level 5:colcon.colcon_core.verb:set package 'grpc_bridge_gui' build argument 'catkin_cmake_args' from command line to 'None'
[1.042s] Level 5:colcon.colcon_core.verb:set package 'grpc_bridge_gui' build argument 'catkin_skip_building_tests' from command line to 'False'
[1.042s] DEBUG:colcon.colcon_core.verb:Building package 'grpc_bridge_gui' with the following arguments: {'ament_cmake_args': None, 'build_base': '/home/erlang/shared_dir/grpc/grpc_bridge_gui/build/grpc_bridge_gui', 'catkin_cmake_args': None, 'catkin_skip_building_tests': False, 'cmake_args': None, 'cmake_clean_cache': False, 'cmake_clean_first': False, 'cmake_force_configure': False, 'cmake_target': None, 'cmake_target_skip_unavailable': False, 'install_base': '/home/erlang/shared_dir/grpc/grpc_bridge_gui/install/grpc_bridge_gui', 'merge_install': False, 'path': '/home/erlang/shared_dir/grpc/grpc_bridge_gui', 'symlink_install': False, 'test_result_base': None}
[1.050s] INFO:colcon.colcon_core.executor:Executing jobs using 'parallel' executor
[1.060s] DEBUG:colcon.colcon_parallel_executor.executor.parallel:run_until_complete
[1.060s] INFO:colcon.colcon_ros.task.ament_cmake.build:Building ROS package in '/home/erlang/shared_dir/grpc/grpc_bridge_gui' with build type 'ament_cmake'
[1.060s] INFO:colcon.colcon_cmake.task.cmake.build:Building CMake package in '/home/erlang/shared_dir/grpc/grpc_bridge_gui'
[1.071s] INFO:colcon.colcon_core.plugin_system:Skipping extension 'colcon_core.shell.bat': Not used on non-Windows systems
[1.071s] INFO:colcon.colcon_core.shell:Skip shell extension 'powershell' for command environment: Not usable outside of PowerShell
[1.071s] DEBUG:colcon.colcon_core.shell:Skip shell extension 'dsv' for command environment
[1.115s] DEBUG:colcon.colcon_core.event_handler.log_command:Invoking command in '/home/erlang/shared_dir/grpc/grpc_bridge_gui/build/grpc_bridge_gui': CMAKE_PREFIX_PATH=${CMAKE_PREFIX_PATH}:/opt/ros/humble /usr/bin/cmake --build /home/erlang/shared_dir/grpc/grpc_bridge_gui/build/grpc_bridge_gui -- -j20 -l20
[22.479s] DEBUG:colcon.colcon_core.event_handler.log_command:Invoked command in '/home/erlang/shared_dir/grpc/grpc_bridge_gui/build/grpc_bridge_gui' returned '0': CMAKE_PREFIX_PATH=${CMAKE_PREFIX_PATH}:/opt/ros/humble /usr/bin/cmake --build /home/erlang/shared_dir/grpc/grpc_bridge_gui/build/grpc_bridge_gui -- -j20 -l20
[22.514s] DEBUG:colcon.colcon_core.event_handler.log_command:Invoking command in '/home/erlang/shared_dir/grpc/grpc_bridge_gui/build/grpc_bridge_gui': CMAKE_PREFIX_PATH=${CMAKE_PREFIX_PATH}:/opt/ros/humble /usr/bin/cmake --install /home/erlang/shared_dir/grpc/grpc_bridge_gui/build/grpc_bridge_gui
[22.571s] Level 1:colcon.colcon_core.environment:create_environment_scripts_only(grpc_bridge_gui)
[22.571s] DEBUG:colcon.colcon_core.event_handler.log_command:Invoked command in '/home/erlang/shared_dir/grpc/grpc_bridge_gui/build/grpc_bridge_gui' returned '0': CMAKE_PREFIX_PATH=${CMAKE_PREFIX_PATH}:/opt/ros/humble /usr/bin/cmake --install /home/erlang/shared_dir/grpc/grpc_bridge_gui/build/grpc_bridge_gui
[22.582s] Level 1:colcon.colcon_core.environment:checking '/home/erlang/shared_dir/grpc/grpc_bridge_gui/install/grpc_bridge_gui' for CMake module files
[22.583s] Level 1:colcon.colcon_core.environment:checking '/home/erlang/shared_dir/grpc/grpc_bridge_gui/install/grpc_bridge_gui' for CMake config files
[22.583s] Level 1:colcon.colcon_core.shell:create_environment_hook('grpc_bridge_gui', 'cmake_prefix_path')
[22.592s] INFO:colcon.colcon_core.shell:Creating environment hook '/home/erlang/shared_dir/grpc/grpc_bridge_gui/install/grpc_bridge_gui/share/grpc_bridge_gui/hook/cmake_prefix_path.ps1'
[22.593s] INFO:colcon.colcon_core.shell:Creating environment descriptor '/home/erlang/shared_dir/grpc/grpc_bridge_gui/install/grpc_bridge_gui/share/grpc_bridge_gui/hook/cmake_prefix_path.dsv'
[22.593s] INFO:colcon.colcon_core.shell:Creating environment hook '/home/erlang/shared_dir/grpc/grpc_bridge_gui/install/grpc_bridge_gui/share/grpc_bridge_gui/hook/cmake_prefix_path.sh'
[22.594s] Level 1:colcon.colcon_core.environment:checking '/home/erlang/shared_dir/grpc/grpc_bridge_gui/install/grpc_bridge_gui/lib'
[22.594s] Level 1:colcon.colcon_core.environment:checking '/home/erlang/shared_dir/grpc/grpc_bridge_gui/install/grpc_bridge_gui/bin'
[22.594s] Level 1:colcon.colcon_core.environment:checking '/home/erlang/shared_dir/grpc/grpc_bridge_gui/install/grpc_bridge_gui/lib/pkgconfig/grpc_bridge_gui.pc'
[22.594s] Level 1:colcon.colcon_core.environment:checking '/home/erlang/shared_dir/grpc/grpc_bridge_gui/install/grpc_bridge_gui/lib/python3.10/site-packages'
[22.594s] Level 1:colcon.colcon_core.environment:checking '/home/erlang/shared_dir/grpc/grpc_bridge_gui/install/grpc_bridge_gui/bin'
[22.603s] INFO:colcon.colcon_core.shell:Creating package script '/home/erlang/shared_dir/grpc/grpc_bridge_gui/install/grpc_bridge_gui/share/grpc_bridge_gui/package.ps1'
[22.604s] INFO:colcon.colcon_core.shell:Creating package descriptor '/home/erlang/shared_dir/grpc/grpc_bridge_gui/install/grpc_bridge_gui/share/grpc_bridge_gui/package.dsv'
[22.604s] INFO:colcon.colcon_core.shell:Creating package script '/home/erlang/shared_dir/grpc/grpc_bridge_gui/install/grpc_bridge_gui/share/grpc_bridge_gui/package.sh'
[22.604s] INFO:colcon.colcon_core.shell:Creating package script '/home/erlang/shared_dir/grpc/grpc_bridge_gui/install/grpc_bridge_gui/share/grpc_bridge_gui/package.bash'
[22.605s] INFO:colcon.colcon_core.shell:Creating package script '/home/erlang/shared_dir/grpc/grpc_bridge_gui/install/grpc_bridge_gui/share/grpc_bridge_gui/package.zsh'
[22.605s] Level 1:colcon.colcon_core.environment:create_file_with_runtime_dependencies(/home/erlang/shared_dir/grpc/grpc_bridge_gui/install/grpc_bridge_gui/share/colcon-core/packages/grpc_bridge_gui)
[22.638s] Level 1:colcon.colcon_core.environment:create_environment_scripts_only(grpc_bridge_gui)
[22.647s] Level 1:colcon.colcon_core.environment:checking '/home/erlang/shared_dir/grpc/grpc_bridge_gui/install/grpc_bridge_gui' for CMake module files
[22.648s] Level 1:colcon.colcon_core.environment:checking '/home/erlang/shared_dir/grpc/grpc_bridge_gui/install/grpc_bridge_gui' for CMake config files
[22.648s] Level 1:colcon.colcon_core.shell:create_environment_hook('grpc_bridge_gui', 'cmake_prefix_path')
[22.658s] INFO:colcon.colcon_core.shell:Creating environment hook '/home/erlang/shared_dir/grpc/grpc_bridge_gui/install/grpc_bridge_gui/share/grpc_bridge_gui/hook/cmake_prefix_path.ps1'
[22.659s] INFO:colcon.colcon_core.shell:Creating environment descriptor '/home/erlang/shared_dir/grpc/grpc_bridge_gui/install/grpc_bridge_gui/share/grpc_bridge_gui/hook/cmake_prefix_path.dsv'
[22.659s] INFO:colcon.colcon_core.shell:Creating environment hook '/home/erlang/shared_dir/grpc/grpc_bridge_gui/install/grpc_bridge_gui/share/grpc_bridge_gui/hook/cmake_prefix_path.sh'
[22.660s] Level 1:colcon.colcon_core.environment:checking '/home/erlang/shared_dir/grpc/grpc_bridge_gui/install/grpc_bridge_gui/lib'
[22.660s] Level 1:colcon.colcon_core.environment:checking '/home/erlang/shared_dir/grpc/grpc_bridge_gui/install/grpc_bridge_gui/bin'
[22.660s] Level 1:colcon.colcon_core.environment:checking '/home/erlang/shared_dir/grpc/grpc_bridge_gui/install/grpc_bridge_gui/lib/pkgconfig/grpc_bridge_gui.pc'
[22.661s] Level 1:colcon.colcon_core.environment:checking '/home/erlang/shared_dir/grpc/grpc_bridge_gui/install/grpc_bridge_gui/lib/python3.10/site-packages'
[22.661s] Level 1:colcon.colcon_core.environment:checking '/home/erlang/shared_dir/grpc/grpc_bridge_gui/install/grpc_bridge_gui/bin'
[22.671s] INFO:colcon.colcon_core.shell:Creating package script '/home/erlang/shared_dir/grpc/grpc_bridge_gui/install/grpc_bridge_gui/share/grpc_bridge_gui/package.ps1'
[22.671s] INFO:colcon.colcon_core.shell:Creating package descriptor '/home/erlang/shared_dir/grpc/grpc_bridge_gui/install/grpc_bridge_gui/share/grpc_bridge_gui/package.dsv'
[22.672s] INFO:colcon.colcon_core.shell:Creating package script '/home/erlang/shared_dir/grpc/grpc_bridge_gui/install/grpc_bridge_gui/share/grpc_bridge_gui/package.sh'
[22.672s] INFO:colcon.colcon_core.shell:Creating package script '/home/erlang/shared_dir/grpc/grpc_bridge_gui/install/grpc_bridge_gui/share/grpc_bridge_gui/package.bash'
[22.672s] INFO:colcon.colcon_core.shell:Creating package script '/home/erlang/shared_dir/grpc/grpc_bridge_gui/install/grpc_bridge_gui/share/grpc_bridge_gui/package.zsh'
[22.672s] Level 1:colcon.colcon_core.environment:create_file_with_runtime_dependencies(/home/erlang/shared_dir/grpc/grpc_bridge_gui/install/grpc_bridge_gui/share/colcon-core/packages/grpc_bridge_gui)
[22.672s] DEBUG:colcon.colcon_parallel_executor.executor.parallel:closing loop
[22.673s] DEBUG:colcon.colcon_parallel_executor.executor.parallel:loop closed
[22.673s] DEBUG:colcon.colcon_parallel_executor.executor.parallel:run_until_complete finished with '0'
[22.673s] DEBUG:colcon.colcon_core.event_reactor:joining thread
[22.686s] INFO:colcon.colcon_core.plugin_system:Skipping extension 'colcon_notification.desktop_notification.notify_send': Could not find 'notify-send'
[22.686s] INFO:colcon.colcon_core.plugin_system:Skipping extension 'colcon_notification.desktop_notification.terminal_notifier': Not used on non-Darwin systems
[22.686s] INFO:colcon.colcon_core.plugin_system:Skipping extension 'colcon_notification.desktop_notification.win32': Not used on non-Windows systems
[22.686s] INFO:colcon.colcon_notification.desktop_notification:Sending desktop notification using 'notify2'
[22.688s] DEBUG:colcon.colcon_notification.desktop_notification.notify2:Failed to initialize notify2: org.freedesktop.DBus.Error.Spawn.ExecFailed: /usr/bin/dbus-launch terminated abnormally without any error message
[22.688s] DEBUG:colcon.colcon_core.event_reactor:joined thread
[22.700s] INFO:colcon.colcon_core.shell:Creating prefix script '/home/erlang/shared_dir/grpc/grpc_bridge_gui/install/local_setup.ps1'
[22.701s] INFO:colcon.colcon_core.shell:Creating prefix util module '/home/erlang/shared_dir/grpc/grpc_bridge_gui/install/_local_setup_util_ps1.py'
[22.703s] INFO:colcon.colcon_core.shell:Creating prefix chain script '/home/erlang/shared_dir/grpc/grpc_bridge_gui/install/setup.ps1'
[22.713s] INFO:colcon.colcon_core.shell:Creating prefix script '/home/erlang/shared_dir/grpc/grpc_bridge_gui/install/local_setup.sh'
[22.714s] INFO:colcon.colcon_core.shell:Creating prefix util module '/home/erlang/shared_dir/grpc/grpc_bridge_gui/install/_local_setup_util_sh.py'
[22.714s] INFO:colcon.colcon_core.shell:Creating prefix chain script '/home/erlang/shared_dir/grpc/grpc_bridge_gui/install/setup.sh'
[22.726s] INFO:colcon.colcon_core.shell:Creating prefix script '/home/erlang/shared_dir/grpc/grpc_bridge_gui/install/local_setup.bash'
[22.726s] INFO:colcon.colcon_core.shell:Creating prefix chain script '/home/erlang/shared_dir/grpc/grpc_bridge_gui/install/setup.bash'
[22.736s] INFO:colcon.colcon_core.shell:Creating prefix script '/home/erlang/shared_dir/grpc/grpc_bridge_gui/install/local_setup.zsh'
[22.736s] INFO:colcon.colcon_core.shell:Creating prefix chain script '/home/erlang/shared_dir/grpc/grpc_bridge_gui/install/setup.zsh'
